{"$message_type":"diagnostic","message":"linking with `cc` failed: exit status: 1","code":null,"level":"error","spans":[],"children":[{"message":" \"cc\" \"-Wl,--version-script=/tmp/rustcYZrbLC/list\" \"-Wl,--no-undefined-version\" \"/tmp/rustcYZrbLC/symbols.o\" \"<12 object files omitted>\" \"/tmp/rustcYZrbLC/rmeta.o\" \"<1 object files omitted>\" \"-Wl,--as-needed\" \"-Wl,-Bstatic\" \"/home/ubuntu/project/build/debug/deps/{libsynstructure-53b790e92e5d99e7,libsyn-2cfb481ec1900a6d,libquote-57d3aa9eb997add0,libproc_macro2-95720f9689c9a60b,libunicode_ident-ff784429abe40c0e}.rlib\" \"<sysroot>/lib/rustlib/aarch64-unknown-linux-gnu/lib/{libproc_macro-*,librustc_literal_escaper-*,librustc_std_workspace_std-*,libstd-*,libpanic_unwind-*,libobject-*,libmemchr-*,libaddr2line-*,libgimli-*,libcfg_if-*,librustc_demangle-*,libstd_detect-*,libhashbrown-*,librustc_std_workspace_alloc-*,libminiz_oxide-*,libadler2-*,libunwind-*,liblibc-*,librustc_std_workspace_core-*,liballoc-*,libcore-*,libcompiler_builtins-*}.rlib\" \"-Wl,-Bdynamic\" \"-lgcc_s\" \"-lutil\" \"-lrt\" \"-lpthread\" \"-lm\" \"-ldl\" \"-lc\" \"-L\" \"/tmp/rustcYZrbLC/raw-dylibs\" \"-Wl,--eh-frame-hdr\" \"-Wl,-z,noexecstack\" \"-L\" \"<sysroot>/lib/rustlib/aarch64-unknown-linux-gnu/lib\" \"-o\" \"/home/ubuntu/project/build/debug/deps/libyoke_derive-6939f84efbc2f9a7.so\" \"-Wl,--gc-sections\" \"-shared\" \"-Wl,-z,relro,-z,now\" \"-nodefaultlibs\"","code":null,"level":"note","spans":[],"children":[],"rendered":null},{"message":"some arguments are omitted. use `--verbose` to show all linker arguments","code":null,"level":"note","spans":[],"children":[],"rendered":null},{"message":"/usr/bin/ld: cannot find /home/ubuntu/project/build/debug/deps/yoke_derive-6939f84efbc2f9a7.yoke_derive.37a4c69c79e65329-cgu.10.rcgu.o: Operation not permitted\n/usr/bin/ld: cannot find /home/ubuntu/project/build/debug/deps/yoke_derive-6939f84efbc2f9a7.yoke_derive.37a4c69c79e65329-cgu.11.rcgu.o: Operation not permitted\ncollect2: error: ld returned 1 exit status\n","code":null,"level":"note","spans":[],"children":[],"rendered":null}],"rendered":"\u001b[0m\u001b[1m\u001b[38;5;9merror\u001b[0m\u001b[0m\u001b[1m: linking with `cc` failed: exit status: 1\u001b[0m\n\u001b[0m  \u001b[0m\u001b[0m\u001b[1m\u001b[38;5;12m|\u001b[0m\n\u001b[0m  \u001b[0m\u001b[0m\u001b[1m\u001b[38;5;12m= \u001b[0m\u001b[0m\u001b[1mnote\u001b[0m\u001b[0m:  \"cc\" \"-Wl,--version-script=/tmp/rustcYZrbLC/list\" \"-Wl,--no-undefined-version\" \"/tmp/rustcYZrbLC/symbols.o\" \"<12 object files omitted>\" \"/tmp/rustcYZrbLC/rmeta.o\" \"<1 object files omitted>\" \"-Wl,--as-needed\" \"-Wl,-Bstatic\" \"/home/ubuntu/project/build/debug/deps/{libsynstructure-53b790e92e5d99e7,libsyn-2cfb481ec1900a6d,libquote-57d3aa9eb997add0,libproc_macro2-95720f9689c9a60b,libunicode_ident-ff784429abe40c0e}.rlib\" \"<sysroot>/lib/rustlib/aarch64-unknown-linux-gnu/lib/{libproc_macro-*,librustc_literal_escaper-*,librustc_std_workspace_std-*,libstd-*,libpanic_unwind-*,libobject-*,libmemchr-*,libaddr2line-*,libgimli-*,libcfg_if-*,librustc_demangle-*,libstd_detect-*,libhashbrown-*,librustc_std_workspace_alloc-*,libminiz_oxide-*,libadler2-*,libunwind-*,liblibc-*,librustc_std_workspace_core-*,liballoc-*,libcore-*,libcompiler_builtins-*}.rlib\" \"-Wl,-Bdynamic\" \"-lgcc_s\" \"-lutil\" \"-lrt\" \"-lpthread\" \"-lm\" \"-ldl\" \"-lc\" \"-L\" \"/tmp/rustcYZrbLC/raw-dylibs\" \"-Wl,--eh-frame-hdr\" \"-Wl,-z,noexecstack\" \"-L\" \"<sysroot>/lib/rustlib/aarch64-unknown-linux-gnu/lib\" \"-o\" \"/home/ubuntu/project/build/debug/deps/libyoke_derive-6939f84efbc2f9a7.so\" \"-Wl,--gc-sections\" \"-shared\" \"-Wl,-z,relro,-z,now\" \"-nodefaultlibs\"\u001b[0m\n\u001b[0m  \u001b[0m\u001b[0m\u001b[1m\u001b[38;5;12m= \u001b[0m\u001b[0m\u001b[1mnote\u001b[0m\u001b[0m: some arguments are omitted. use `--verbose` to show all linker arguments\u001b[0m\n\u001b[0m  \u001b[0m\u001b[0m\u001b[1m\u001b[38;5;12m= \u001b[0m\u001b[0m\u001b[1mnote\u001b[0m\u001b[0m: /usr/bin/ld: cannot find /home/ubuntu/project/build/debug/deps/yoke_derive-6939f84efbc2f9a7.yoke_derive.37a4c69c79e65329-cgu.10.rcgu.o: Operation not permitted\u001b[0m\n\u001b[0m          /usr/bin/ld: cannot find /home/ubuntu/project/build/debug/deps/yoke_derive-6939f84efbc2f9a7.yoke_derive.37a4c69c79e65329-cgu.11.rcgu.o: Operation not permitted\u001b[0m\n\u001b[0m          collect2: error: ld returned 1 exit status\u001b[0m\n\u001b[0m          \u001b[0m\n\n"}
{"$message_type":"diagnostic","message":"aborting due to 1 previous error","code":null,"level":"error","spans":[],"children":[],"rendered":"\u001b[0m\u001b[1m\u001b[38;5;9merror\u001b[0m\u001b[0m\u001b[1m: aborting due to 1 previous error\u001b[0m\n\n"}
